  shutdown.cpp
D:\C_Project\6.10_Study\6.10_Study\shutdown.cpp(12,6): error C4430: 缺少类型说明符 - 假定为 int。注意: C++ 不支持默认 int
D:\C_Project\6.10_Study\6.10_Study\shutdown.cpp(12,6): error C2059: 语法错误:“:”
D:\C_Project\6.10_Study\6.10_Study\shutdown.cpp(14,8): error C4430: 缺少类型说明符 - 假定为 int。注意: C++ 不支持默认 int
D:\C_Project\6.10_Study\6.10_Study\shutdown.cpp(14,2): error C2365: “scanf”: 重定义；以前的定义是“函数”
D:\Windows Kits\10\Include\10.0.22000.0\ucrt\stdio.h(1276,37): message : 参见“scanf”的声明
D:\C_Project\6.10_Study\6.10_Study\shutdown.cpp(14,15): error C2065: “arr”: 未声明的标识符
D:\C_Project\6.10_Study\6.10_Study\shutdown.cpp(15,2): error C2059: 语法错误:“if”
D:\C_Project\6.10_Study\6.10_Study\shutdown.cpp(16,2): error C2143: 语法错误: 缺少“;”(在“{”的前面)
D:\C_Project\6.10_Study\6.10_Study\shutdown.cpp(16,2): error C2447: “{”: 缺少函数标题(是否是老式的形式表?)
D:\C_Project\6.10_Study\6.10_Study\shutdown.cpp(19,2): error C2059: 语法错误:“else”
D:\C_Project\6.10_Study\6.10_Study\shutdown.cpp(20,2): error C2143: 语法错误: 缺少“;”(在“{”的前面)
D:\C_Project\6.10_Study\6.10_Study\shutdown.cpp(20,2): error C2447: “{”: 缺少函数标题(是否是老式的形式表?)
D:\C_Project\6.10_Study\6.10_Study\shutdown.cpp(24,1): error C2059: 语法错误:“}”
D:\C_Project\6.10_Study\6.10_Study\shutdown.cpp(24,1): error C2143: 语法错误: 缺少“;”(在“}”的前面)
